Mai 09, 2025 5:34:55 PM org.FEB17.utils.ConfigReader <init>
INFORMATION: config file loaded
Mai 09, 2025 5:34:56 PM org.FEB17.mail.MailSender sendMail
INFORMATION: successfully sent
Mai 09, 2025 5:35:03 PM org.FEB17.utils.ConfigReader <init>
INFORMATION: config file loaded
Mai 09, 2025 5:35:04 PM org.FEB17.mail.MailSender sendMail
INFORMATION: successfully sent
Mai 09, 2025 5:35:05 PM org.FEB17.utils.ConfigReader <init>
INFORMATION: config file loaded
Mai 09, 2025 5:35:06 PM org.FEB17.mail.MailSender sendMail
INFORMATION: successfully sent
Mai 09, 2025 5:35:06 PM org.FEB17.utils.ConfigReader <init>
INFORMATION: config file loaded
Mai 09, 2025 5:35:08 PM org.FEB17.mail.MailSender sendMail
INFORMATION: successfully sent
Mai 09, 2025 5:37:30 PM org.FEB17.utils.ConfigReader <init>
INFORMATION: config file loaded
Mai 09, 2025 5:37:31 PM org.FEB17.mail.MailSender sendMail
INFORMATION: successfully sent
Mai 09, 2025 5:37:34 PM org.FEB17.utils.ConfigReader <init>
INFORMATION: config file loaded
Mai 09, 2025 5:37:34 PM org.FEB17.mail.MailSender sendMail
INFORMATION: successfully sent
Mai 09, 2025 5:37:45 PM org.FEB17.utils.ConfigReader <init>
INFORMATION: config file loaded
Mai 09, 2025 5:37:45 PM org.FEB17.mail.MailSender sendMail
INFORMATION: successfully sent
Mai 10, 2025 6:35:10 PM org.FEB17.utils.ConfigReader <init>
INFORMATION: config file loaded
Mai 10, 2025 6:35:11 PM org.FEB17.mail.MailSender sendMail
INFORMATION: successfully sent
Mai 10, 2025 6:35:11 PM org.FEB17.utils.ConfigReader <init>
INFORMATION: config file loaded
Mai 10, 2025 6:35:12 PM org.FEB17.utils.ConfigReader <init>
INFORMATION: config file loaded
Mai 10, 2025 6:35:12 PM org.FEB17.utils.ConfigReader <init>
INFORMATION: config file loaded
Mai 10, 2025 6:35:12 PM org.FEB17.utils.ConfigReader <init>
INFORMATION: config file loaded
Mai 10, 2025 6:35:12 PM org.FEB17.mail.MailSender sendMail
INFORMATION: successfully sent
Mai 10, 2025 6:35:12 PM org.FEB17.mail.MailSender sendMail
INFORMATION: successfully sent
Mai 10, 2025 6:35:12 PM org.FEB17.mail.MailSender sendMail
INFORMATION: successfully sent
Mai 10, 2025 6:35:13 PM org.FEB17.mail.MailSender sendMail
INFORMATION: successfully sent
Mai 11, 2025 1:40:40 PM org.FEB17.utils.ConfigReader <init>
INFORMATION: config file loaded
Mai 11, 2025 1:40:41 PM org.FEB17.mail.MailSender sendMail
INFORMATION: successfully sent
Mai 11, 2025 1:40:48 PM org.FEB17.utils.ConfigReader <init>
INFORMATION: config file loaded
Mai 11, 2025 1:40:48 PM org.FEB17.mail.MailSender sendMail
INFORMATION: successfully sent
Mai 11, 2025 1:50:27 PM org.FEB17.utils.ConfigReader <init>
INFORMATION: config file loaded
Mai 11, 2025 1:50:28 PM org.FEB17.mail.MailSender sendMail
INFORMATION: successfully sent
Mai 11, 2025 1:50:30 PM org.FEB17.utils.ConfigReader <init>
INFORMATION: config file loaded
Mai 11, 2025 1:50:31 PM org.FEB17.mail.MailSender sendMail
INFORMATION: successfully sent
Mai 11, 2025 1:50:34 PM org.FEB17.utils.ConfigReader <init>
INFORMATION: config file loaded
Mai 11, 2025 1:50:35 PM org.FEB17.mail.MailSender sendMail
INFORMATION: successfully sent
Mai 11, 2025 1:50:42 PM org.FEB17.utils.ConfigReader <init>
INFORMATION: config file loaded
Mai 11, 2025 1:50:43 PM org.FEB17.mail.MailSender sendMail
INFORMATION: successfully sent
Mai 11, 2025 2:21:51 PM org.FEB17.utils.ConfigReader <init>
INFORMATION: config file loaded
Mai 11, 2025 2:21:52 PM org.FEB17.mail.MailSender sendMail
INFORMATION: successfully sent
Mai 11, 2025 2:21:55 PM org.FEB17.utils.ConfigReader <init>
INFORMATION: config file loaded
Mai 11, 2025 2:21:55 PM org.FEB17.mail.MailSender sendMail
INFORMATION: successfully sent
Mai 11, 2025 2:21:57 PM org.FEB17.utils.ConfigReader <init>
INFORMATION: config file loaded
Mai 11, 2025 2:21:57 PM org.FEB17.mail.MailSender sendMail
INFORMATION: successfully sent
Mai 11, 2025 2:22:13 PM org.FEB17.utils.ConfigReader <init>
INFORMATION: config file loaded
Mai 11, 2025 2:22:14 PM org.FEB17.mail.MailSender sendMail
INFORMATION: successfully sent
Mai 11, 2025 2:22:17 PM org.FEB17.utils.ConfigReader <init>
INFORMATION: config file loaded
Mai 11, 2025 2:22:18 PM org.FEB17.mail.MailSender sendMail
INFORMATION: successfully sent
Mai 11, 2025 2:23:14 PM org.FEB17.utils.ConfigReader <init>
INFORMATION: config file loaded
Mai 11, 2025 2:23:15 PM org.FEB17.mail.MailSender sendMail
INFORMATION: successfully sent
Mai 11, 2025 2:23:20 PM org.FEB17.utils.ConfigReader <init>
INFORMATION: config file loaded
Mai 11, 2025 2:23:21 PM org.FEB17.mail.MailSender sendMail
INFORMATION: successfully sent
Mai 11, 2025 2:23:24 PM org.FEB17.utils.ConfigReader <init>
INFORMATION: config file loaded
Mai 11, 2025 2:23:24 PM org.FEB17.utils.ConfigReader <init>
INFORMATION: config file loaded
Mai 11, 2025 2:23:25 PM org.FEB17.mail.MailSender sendMail
INFORMATION: successfully sent
Mai 11, 2025 2:23:25 PM org.FEB17.mail.MailSender sendMail
INFORMATION: successfully sent
Mai 11, 2025 3:31:22 PM org.FEB17.utils.ConfigReader <init>
INFORMATION: config file loaded
Mai 11, 2025 3:31:22 PM org.FEB17.utils.ConfigReader <init>
INFORMATION: config file loaded
Mai 11, 2025 3:31:23 PM org.FEB17.mail.MailSender sendMail
INFORMATION: successfully sent
Mai 11, 2025 3:31:23 PM org.FEB17.mail.MailSender sendMail
INFORMATION: successfully sent
Mai 11, 2025 3:32:22 PM org.FEB17.utils.ConfigReader <init>
INFORMATION: config file loaded
Mai 11, 2025 3:32:22 PM org.FEB17.utils.ConfigReader <init>
INFORMATION: config file loaded
Mai 11, 2025 3:32:22 PM org.FEB17.mail.MailSender sendMail
INFORMATION: successfully sent
Mai 11, 2025 3:32:22 PM org.FEB17.mail.MailSender sendMail
INFORMATION: successfully sent
Mai 12, 2025 11:26:59 AM org.FEB17.utils.ConfigReader <init>
INFORMATION: config file loaded
Mai 12, 2025 11:26:59 AM org.FEB17.utils.ConfigReader <init>
INFORMATION: config file loaded
Mai 12, 2025 11:27:00 AM org.FEB17.mail.MailSender sendMail
INFORMATION: successfully sent
Mai 12, 2025 11:27:00 AM org.FEB17.mail.MailSender sendMail
INFORMATION: successfully sent
